<?xml version="1.0" encoding="UTF-8"?>
<!-- Generated by org.testng.reporters.JUnitReportReporter -->
<testsuite hostname="Arjun-PC" name="Testscript.script_Login" tests="1" failures="0" timestamp="4 Apr 2017 12:02:55 GMT" time="31.008" errors="0">
  <testcase name="valid_Login" time="31.008" classname="Testscript.script_Login"/>
</testsuite> <!-- Testscript.script_Login -->
